<?xml version="1.0" encoding="UTF-8"?>
<testng-results skipped="0" failed="0" ignored="0" total="1" passed="1">
  <reporter-output>
  </reporter-output>
  <suite name="Amazon Test Sanity Suite" duration-ms="23668" started-at="2019-09-27T20:41:42Z" finished-at="2019-09-27T20:42:06Z">
    <groups>
    </groups>
    <test name="Amazon Sanity Test" duration-ms="23668" started-at="2019-09-27T20:41:42Z" finished-at="2019-09-27T20:42:06Z">
      <class name="com.qa.amazon.tests.LoginTest">
        <test-method status="PASS" signature="setUp()[pri:0, instance:com.qa.amazon.tests.LoginTest@7e07db1f]" name="setUp" is-config="true" duration-ms="10028" started-at="2019-09-27T20:41:42Z" finished-at="2019-09-27T20:41:52Z">
          <reporter-output>
          </reporter-output>
        </test-method> <!-- setUp -->
        <test-method status="PASS" signature="loginTest()[pri:1, instance:com.qa.amazon.tests.LoginTest@7e07db1f]" name="loginTest" duration-ms="12650" started-at="2019-09-27T20:41:52Z" description="login test with correct username and correct password, check title and logout...." finished-at="2019-09-27T20:42:05Z">
          <reporter-output>
          </reporter-output>
        </test-method> <!-- loginTest -->
        <test-method status="PASS" signature="tearDown()[pri:0, instance:com.qa.amazon.tests.LoginTest@7e07db1f]" name="tearDown" is-config="true" duration-ms="749" started-at="2019-09-27T20:42:05Z" finished-at="2019-09-27T20:42:06Z">
          <reporter-output>
          </reporter-output>
        </test-method> <!-- tearDown -->
      </class> <!-- com.qa.amazon.tests.LoginTest -->
    </test> <!-- Amazon Sanity Test -->
  </suite> <!-- Amazon Test Sanity Suite -->
</testng-results>
